<?xml version="1.0" encoding="UTF-8"?>
<testng-results ignored="0" total="4" passed="4" failed="0" skipped="0">
  <reporter-output>
  </reporter-output>
  <suite started-at="2024-01-11T17:42:46 IST" name="Default suite" finished-at="2024-01-11T17:42:49 IST" duration-ms="3211">
    <groups>
    </groups>
    <test started-at="2024-01-11T17:42:46 IST" name="Default test" finished-at="2024-01-11T17:42:49 IST" duration-ms="3211">
      <class name="com.sample.ITunesAPI.searchMusic">
        <test-method signature="searchAppTitle()[pri:0, instance:com.sample.ITunesAPI.searchMusic@543588e6]" started-at="2024-01-11T17:42:46 IST" name="searchAppTitle" finished-at="2024-01-11T17:42:48 IST" duration-ms="2019" status="PASS">
          <reporter-output>
          </reporter-output>
        </test-method> <!-- searchAppTitle -->
        <test-method signature="searchAppTitleName()[pri:0, instance:com.sample.ITunesAPI.searchMusic@543588e6]" started-at="2024-01-11T17:42:48 IST" name="searchAppTitleName" finished-at="2024-01-11T17:42:48 IST" duration-ms="479" status="PASS">
          <reporter-output>
          </reporter-output>
        </test-method> <!-- searchAppTitleName -->
        <test-method signature="searchLibrary()[pri:0, instance:com.sample.ITunesAPI.searchMusic@543588e6]" started-at="2024-01-11T17:42:48 IST" name="searchLibrary" finished-at="2024-01-11T17:42:49 IST" duration-ms="385" status="PASS">
          <reporter-output>
          </reporter-output>
        </test-method> <!-- searchLibrary -->
        <test-method signature="searchUser2()[pri:0, instance:com.sample.ITunesAPI.searchMusic@543588e6]" started-at="2024-01-11T17:42:49 IST" name="searchUser2" finished-at="2024-01-11T17:42:49 IST" duration-ms="285" status="PASS">
          <reporter-output>
          </reporter-output>
        </test-method> <!-- searchUser2 -->
      </class> <!-- com.sample.ITunesAPI.searchMusic -->
    </test> <!-- Default test -->
  </suite> <!-- Default suite -->
</testng-results>
