<?xml version="1.0" encoding="UTF-8"?>
<!-- Generated by org.testng.reporters.JUnitXMLReporter -->
<testsuite ignored="0" hostname="HYDPCM488249L" failures="0" tests="4" name="Default test" time="3.211" errors="0" timestamp="2024-01-11T17:42:49 IST">
  <testcase classname="com.sample.ITunesAPI.searchMusic" name="searchAppTitle" time="2.019"/>
  <testcase classname="com.sample.ITunesAPI.searchMusic" name="searchAppTitleName" time="0.479"/>
  <testcase classname="com.sample.ITunesAPI.searchMusic" name="searchLibrary" time="0.385"/>
  <testcase classname="com.sample.ITunesAPI.searchMusic" name="searchUser2" time="0.285"/>
</testsuite> <!-- Default test -->
